TN:
SF:src/domain/category.entity.ts
FN:15,<instance_members_initializer>
FN:22,Category
FN:31,create
FN:39,changeName
FN:43,changeDescription
FN:47,activate
FN:51,deactivate
FN:55,toJSON
FNF:8
FNH:7
FNDA:8,<instance_members_initializer>
FNDA:8,Category
FNDA:1,create
FNDA:1,changeName
FNDA:1,changeDescription
FNDA:1,activate
FNDA:1,deactivate
FNDA:0,toJSON
DA:1,1
DA:2,1
DA:3,1
DA:4,1
DA:5,1
DA:6,1
DA:7,1
DA:8,1
DA:9,1
DA:10,1
DA:11,1
DA:12,1
DA:13,1
DA:14,1
DA:15,1
DA:16,8
DA:17,8
DA:18,8
DA:19,8
DA:20,8
DA:21,8
DA:22,8
DA:23,8
DA:24,8
DA:25,8
DA:26,8
DA:27,8
DA:28,8
DA:29,8
DA:30,8
DA:31,8
DA:32,1
DA:33,1
DA:34,8
DA:35,8
DA:36,8
DA:37,8
DA:38,8
DA:39,8
DA:40,1
DA:41,1
DA:42,8
DA:43,8
DA:44,1
DA:45,1
DA:46,8
DA:47,8
DA:48,1
DA:49,1
DA:50,8
DA:51,8
DA:52,1
DA:53,1
DA:54,8
DA:55,8
DA:56,0
DA:57,0
DA:58,0
DA:59,0
DA:60,0
DA:61,0
DA:62,0
DA:63,0
DA:64,8
DA:65,1
DA:66,1
DA:67,1
DA:68,1
DA:69,1
DA:70,1
LF:70
LH:62
BRDA:15,0,0,8
BRDA:22,1,0,8
BRDA:25,2,0,6
BRDA:26,3,0,5
BRDA:27,4,0,6
BRDA:31,5,0,1
BRDA:39,6,0,1
BRDA:43,7,0,1
BRDA:47,8,0,1
BRDA:51,9,0,1
BRF:10
BRH:10
end_of_record
