TN:
SF:src/shared/domain/value-objects/uuid.vo.ts
FN:5,<instance_members_initializer>
FN:8,Uuid
FN:14,validate
FN:24,InvalidUuidError
FNF:4
FNH:4
FNDA:3,<instance_members_initializer>
FNDA:3,Uuid
FNDA:3,validate
FNDA:2,InvalidUuidError
DA:1,1
DA:2,1
DA:3,1
DA:4,1
DA:5,1
DA:6,3
DA:7,3
DA:8,3
DA:9,3
DA:10,3
DA:11,3
DA:12,3
DA:13,3
DA:14,3
DA:15,3
DA:16,3
DA:17,3
DA:18,1
DA:19,1
DA:20,3
DA:21,3
DA:22,1
DA:23,1
DA:24,1
DA:25,2
DA:26,2
DA:27,2
DA:28,1
LF:28
LH:28
BRDA:5,0,0,3
BRDA:8,1,0,3
BRDA:10,2,0,1
BRDA:14,3,0,3
BRDA:17,4,0,1
BRDA:24,5,0,2
BRF:6
BRH:6
end_of_record
